<?xml version="1.0" encoding="UTF-8"?>
<!-- Generated by org.testng.reporters.JUnitReportReporter -->
<testsuite hostname="DESKTOP-MB1UACB" failures="0" tests="1" name="testrunners.TestRunner" time="22.889" errors="0" timestamp="2023-09-18T01:33:19 IST" skipped="0">
  <testcase classname="testrunners.TestRunner" name="runScenario" time="22.889"/>
  <system-out/>
</testsuite> <!-- testrunners.TestRunner -->
