<?xml version="1.0" encoding="UTF-8"?>
<!-- Generated by org.testng.reporters.JUnitReportReporter -->
<testsuite hostname="DESKTOP-MB1UACB" failures="0" tests="1" name="testrunners.TestRunner" time="17.532" errors="0" timestamp="2023-09-20T23:28:02 IST" skipped="0">
  <testcase classname="testrunners.TestRunner" name="runScenario" time="17.532"/>
  <system-out/>
</testsuite> <!-- testrunners.TestRunner -->
